<?xml version="1.0" encoding="UTF-8"?>
<!-- Generated by org.testng.reporters.JUnitReportReporter -->
<testsuite skipped="0" hostname="Hanplayboi" name="Railway.TC01" tests="1" failures="0" timestamp="2022-01-05T14:02:37 ICT" time="8.830" errors="0">
  <testcase name="TC01" time="8.830" classname="Railway.TC01"/>
  <system-out/>
</testsuite> <!-- Railway.TC01 -->
