<?xml version="1.0" encoding="UTF-8"?>
<!-- Generated by org.testng.reporters.JUnitReportReporter -->
<testsuite skipped="0" hostname="Hanplayboi" name="Railway.TC11" tests="1" failures="0" timestamp="2022-01-05T14:02:37 ICT" time="7.059" errors="0">
  <testcase name="TC11" time="7.059" classname="Railway.TC11"/>
  <system-out/>
</testsuite> <!-- Railway.TC11 -->
