<?xml version="1.0" encoding="UTF-8"?>
<!-- Generated by org.testng.reporters.JUnitReportReporter -->
<testsuite skipped="0" hostname="Hanplayboi" name="Railway.TC17" tests="1" failures="0" timestamp="2022-01-05T14:02:37 ICT" time="12.781" errors="0">
  <testcase name="TC17" time="12.781" classname="Railway.TC17"/>
  <system-out/>
</testsuite> <!-- Railway.TC17 -->
