<?xml version="1.0" encoding="UTF-8"?>
<!-- Generated by org.testng.reporters.JUnitReportReporter -->
<testsuite skipped="0" hostname="Hanplayboi" name="Railway.TC09" tests="1" failures="0" timestamp="2022-01-05T14:02:37 ICT" time="9.658" errors="0">
  <testcase name="TC09" time="9.658" classname="Railway.TC09"/>
  <system-out/>
</testsuite> <!-- Railway.TC09 -->
