<?xml version="1.0" encoding="UTF-8"?>
<!-- Generated by org.testng.reporters.JUnitReportReporter -->
<testsuite skipped="0" hostname="Hanplayboi" name="Railway.TC10" tests="1" failures="0" timestamp="2022-01-05T14:02:37 ICT" time="8.418" errors="0">
  <testcase name="TC10" time="8.418" classname="Railway.TC10"/>
  <system-out/>
</testsuite> <!-- Railway.TC10 -->
